
--- Incoming Request ---
Method: GET
Path: /
Query Params: {}
Headers: {'Content-Length': '', 'Content-Type': 'text/plain', 'Host': '127.0.0.1:8000', 'User-Agent': 'Mozilla/5.0 (X11; Ubuntu; Linux x86_64; rv:136.0) Gecko/20100101 Firefox/136.0', 'Accept': 'text/html,application/xhtml+xml,application/xml;q=0.9,*/*;q=0.8', 'Accept-Language': 'en-US,en;q=0.5', 'Accept-Encoding': 'gzip, deflate, br, zstd', 'Connection': 'keep-alive', 'Cookie': 'csrftoken=rUpEMh5mszLBRAheoDZKwcmiWk9SazSl; _ga_699NE13B0K=GS2.1.s1753397091$o5$g1$t1753398316$j53$l0$h0; _ga=GA1.1.350929172.1751025801', 'Upgrade-Insecure-Requests': '1', 'Sec-Fetch-Dest': 'document', 'Sec-Fetch-Mode': 'navigate', 'Sec-Fetch-Site': 'none', 'Sec-Fetch-User': '?1', 'Priority': 'u=0, i'}
Body: 
------------------------


--- Response ---
Status: 404
Body: <!DOCTYPE html>
<html lang="en">
<head>
  <meta http-equiv="content-type" content="text/html; charset=utf-8">
  <title>Page not found at /</title>
  <meta name="robots" content="NONE,NOARCHIVE">
  <style type="text/css">
    html * { padding:0; margin:0; }
    body * { padding:10px 20px; }
    body * * { padding:0; }
    body { font:small sans-serif; background:#eee; color:#000; }
    body>div { border-bottom:1px solid #ddd; }
    h1 { font-weight:normal; margin-bottom:.4em; }
    h1 span { font
----------------


--- Incoming Request ---
Method: GET
Path: /strings
Query Params: {}
Headers: {'Content-Length': '', 'Content-Type': 'text/plain', 'Host': '127.0.0.1:8000', 'User-Agent': 'Mozilla/5.0 (X11; Ubuntu; Linux x86_64; rv:136.0) Gecko/20100101 Firefox/136.0', 'Accept': 'text/html,application/xhtml+xml,application/xml;q=0.9,*/*;q=0.8', 'Accept-Language': 'en-US,en;q=0.5', 'Accept-Encoding': 'gzip, deflate, br, zstd', 'Connection': 'keep-alive', 'Cookie': 'csrftoken=rUpEMh5mszLBRAheoDZKwcmiWk9SazSl; _ga_699NE13B0K=GS2.1.s1753397091$o5$g1$t1753398316$j53$l0$h0; _ga=GA1.1.350929172.1751025801', 'Upgrade-Insecure-Requests': '1', 'Sec-Fetch-Dest': 'document', 'Sec-Fetch-Mode': 'navigate', 'Sec-Fetch-Site': 'none', 'Sec-Fetch-User': '?1', 'Priority': 'u=0, i'}
Body: 
------------------------


--- Response ---
Status: 301
Body: 
----------------


--- Incoming Request ---
Method: GET
Path: /strings/
Query Params: {}
Headers: {'Content-Length': '', 'Content-Type': 'text/plain', 'Host': '127.0.0.1:8000', 'User-Agent': 'Mozilla/5.0 (X11; Ubuntu; Linux x86_64; rv:136.0) Gecko/20100101 Firefox/136.0', 'Accept': 'text/html,application/xhtml+xml,application/xml;q=0.9,*/*;q=0.8', 'Accept-Language': 'en-US,en;q=0.5', 'Accept-Encoding': 'gzip, deflate, br, zstd', 'Connection': 'keep-alive', 'Cookie': 'csrftoken=rUpEMh5mszLBRAheoDZKwcmiWk9SazSl; _ga_699NE13B0K=GS2.1.s1753397091$o5$g1$t1753398316$j53$l0$h0; _ga=GA1.1.350929172.1751025801', 'Upgrade-Insecure-Requests': '1', 'Sec-Fetch-Dest': 'document', 'Sec-Fetch-Mode': 'navigate', 'Sec-Fetch-Site': 'none', 'Sec-Fetch-User': '?1', 'Priority': 'u=0, i'}
Body: 
------------------------


--- Response ---
Status: 200
Body: 



<!DOCTYPE html>
<html>
  <head>
    

      
        <meta http-equiv="Content-Type" content="text/html; charset=utf-8"/>
        <meta name="robots" content="NONE,NOARCHIVE" />
      

      <title>String Api – Django REST framework</title>

      
        
          <link rel="stylesheet" type="text/css" href="/static/rest_framework/css/bootstrap.min.css"/>
          <link rel="stylesheet" type="text/css" href="/static/rest_framework/css/bootstrap-tweaks.css"/>
        

        <link rel=
----------------


--- Incoming Request ---
Method: GET
Path: /strings/
Query Params: {}
Headers: {'Content-Length': '', 'Content-Type': 'text/plain', 'Host': '127.0.0.1:8000', 'User-Agent': 'Mozilla/5.0 (X11; Ubuntu; Linux x86_64; rv:136.0) Gecko/20100101 Firefox/136.0', 'Accept': 'text/html,application/xhtml+xml,application/xml;q=0.9,*/*;q=0.8', 'Accept-Language': 'en-US,en;q=0.5', 'Accept-Encoding': 'gzip, deflate, br, zstd', 'Connection': 'keep-alive', 'Cookie': 'csrftoken=rUpEMh5mszLBRAheoDZKwcmiWk9SazSl; _ga_699NE13B0K=GS2.1.s1753397091$o5$g1$t1753398316$j53$l0$h0; _ga=GA1.1.350929172.1751025801', 'Upgrade-Insecure-Requests': '1', 'Sec-Fetch-Dest': 'document', 'Sec-Fetch-Mode': 'navigate', 'Sec-Fetch-Site': 'none', 'Sec-Fetch-User': '?1', 'Priority': 'u=0, i'}
Body: 
------------------------


--- Response ---
Status: 200
Body: 



<!DOCTYPE html>
<html>
  <head>
    

      
        <meta http-equiv="Content-Type" content="text/html; charset=utf-8"/>
        <meta name="robots" content="NONE,NOARCHIVE" />
      

      <title>String Api – Django REST framework</title>

      
        
          <link rel="stylesheet" type="text/css" href="/static/rest_framework/css/bootstrap.min.css"/>
          <link rel="stylesheet" type="text/css" href="/static/rest_framework/css/bootstrap-tweaks.css"/>
        

        <link rel=
----------------


--- Incoming Request ---
Method: POST
Path: /strings/
Query Params: {}
Headers: {'Content-Length': '17', 'Content-Type': 'application/json', 'Host': '127.0.0.1:8000', 'User-Agent': 'curl/7.68.0', 'Accept': '*/*'}
Body: {"value":"civic"}
------------------------


--- Response ---
Status: 201
Body: {"id":"bea359bea8f7d88ecff298e31876c7206ca36df3e5344293020ea745f9577378","value":"civic","properties":{"length":5,"is_palindrome":true,"unique_characters":3,"word_count":1,"sha256_hash":"bea359bea8f7d88ecff298e31876c7206ca36df3e5344293020ea745f9577378","character_frequency_map":{"c":2,"i":2,"v":1}},"created_at":"2025-10-21T18:50:05.321146+00:00"}
----------------


--- Incoming Request ---
Method: POST
Path: /strings/
Query Params: {}
Headers: {'Content-Length': '17', 'Content-Type': 'application/json', 'Host': '127.0.0.1:8000', 'User-Agent': 'curl/7.68.0', 'Accept': '*/*'}
Body: {"value":"civic"}
------------------------


--- Response ---
Status: 409
Body: {"error":"String already exists in the system."}
----------------


--- Incoming Request ---
Method: POST
Path: /strings/
Query Params: {}
Headers: {'Content-Length': '17', 'Content-Type': 'application/json', 'Host': '127.0.0.1:8000', 'User-Agent': 'curl/7.68.0', 'Accept': '*/*'}
Body: {"value":"level"}
------------------------


--- Response ---
Status: 201
Body: {"id":"0081779c287d567d9ca622f4c0cc2ede819b0cc7f286a5f01d8c3c0178191ad6","value":"level","properties":{"length":5,"is_palindrome":true,"unique_characters":3,"word_count":1,"sha256_hash":"0081779c287d567d9ca622f4c0cc2ede819b0cc7f286a5f01d8c3c0178191ad6","character_frequency_map":{"l":2,"e":2,"v":1}},"created_at":"2025-10-21T18:50:20.200309+00:00"}
----------------


--- Incoming Request ---
Method: POST
Path: /strings/
Query Params: {}
Headers: {'Content-Length': '27', 'Content-Type': 'application/json', 'Host': '127.0.0.1:8000', 'User-Agent': 'curl/7.68.0', 'Accept': '*/*'}
Body: {"value":"palindrome test"}
------------------------


--- Response ---
Status: 201
Body: {"id":"72e478c98a7024dd81226a71414c6eba5a2cc2890919d5a17922add015deee50","value":"palindrome test","properties":{"length":15,"is_palindrome":false,"unique_characters":13,"word_count":2,"sha256_hash":"72e478c98a7024dd81226a71414c6eba5a2cc2890919d5a17922add015deee50","character_frequency_map":{"p":1,"a":1,"l":1,"i":1,"n":1,"d":1,"r":1,"o":1,"m":1,"e":2," ":1,"t":2,"s":1}},"created_at":"2025-10-21T18:50:43.698111+00:00"}
----------------


--- Incoming Request ---
Method: POST
Path: /strings/
Query Params: {}
Headers: {'Content-Length': '17', 'Content-Type': 'application/json', 'Host': '127.0.0.1:8000', 'User-Agent': 'curl/7.68.0', 'Accept': '*/*'}
Body: {"value":"civic"}
------------------------


--- Response ---
Status: 409
Body: {"error":"String already exists in the system."}
----------------


--- Incoming Request ---
Method: GET
Path: /strings/civic
Query Params: {}
Headers: {'Content-Length': '', 'Content-Type': 'text/plain', 'Host': '127.0.0.1:8000', 'User-Agent': 'curl/7.68.0', 'Accept': '*/*'}
Body: 
------------------------


--- Response ---
Status: 200
Body: {"id":"bea359bea8f7d88ecff298e31876c7206ca36df3e5344293020ea745f9577378","value":"civic","properties":{"length":5,"is_palindrome":true,"unique_characters":3,"word_count":1,"sha256_hash":"bea359bea8f7d88ecff298e31876c7206ca36df3e5344293020ea745f9577378","character_frequency_map":{"c":2,"i":2,"v":1}},"created_at":"2025-10-21T18:50:05.321146+00:00"}
----------------


--- Incoming Request ---
Method: GET
Path: /strings/level
Query Params: {}
Headers: {'Content-Length': '', 'Content-Type': 'text/plain', 'Host': '127.0.0.1:8000', 'User-Agent': 'curl/7.68.0', 'Accept': '*/*'}
Body: 
------------------------


--- Response ---
Status: 200
Body: {"id":"0081779c287d567d9ca622f4c0cc2ede819b0cc7f286a5f01d8c3c0178191ad6","value":"level","properties":{"length":5,"is_palindrome":true,"unique_characters":3,"word_count":1,"sha256_hash":"0081779c287d567d9ca622f4c0cc2ede819b0cc7f286a5f01d8c3c0178191ad6","character_frequency_map":{"l":2,"e":2,"v":1}},"created_at":"2025-10-21T18:50:20.200309+00:00"}
----------------


--- Incoming Request ---
Method: GET
Path: /strings/nonexistent
Query Params: {}
Headers: {'Content-Length': '', 'Content-Type': 'text/plain', 'Host': '127.0.0.1:8000', 'User-Agent': 'curl/7.68.0', 'Accept': '*/*'}
Body: 
------------------------


--- Response ---
Status: 404
Body: {"detail":"String does not exist in the system."}
----------------


--- Incoming Request ---
Method: GET
Path: /strings
Query Params: {'is_palindrome': ['true'], 'word_count': ['1']}
Headers: {'Content-Length': '', 'Content-Type': 'text/plain', 'Host': '127.0.0.1:8000', 'User-Agent': 'curl/7.68.0', 'Accept': '*/*'}
Body: 
------------------------


--- Response ---
Status: 301
Body: 
----------------


--- Incoming Request ---
Method: GET
Path: /strings
Query Params: {'is_palindrome': ['true'], 'word_count': ['1']}
Headers: {'Content-Length': '', 'Content-Type': 'text/plain', 'Host': '127.0.0.1:8000', 'User-Agent': 'curl/7.68.0', 'Accept': '*/*'}
Body: 
------------------------


--- Response ---
Status: 301
Body: 
----------------


--- Incoming Request ---
Method: GET
Path: /strings
Query Params: {'min_length': ['11']}
Headers: {'Content-Length': '', 'Content-Type': 'text/plain', 'Host': '127.0.0.1:8000', 'User-Agent': 'curl/7.68.0', 'Accept': '*/*'}
Body: 
------------------------


--- Response ---
Status: 301
Body: 
----------------


--- Incoming Request ---
Method: GET
Path: /strings
Query Params: {'contains_character': ['a'], 'word_count': ['2']}
Headers: {'Content-Length': '', 'Content-Type': 'text/plain', 'Host': '127.0.0.1:8000', 'User-Agent': 'curl/7.68.0', 'Accept': '*/*'}
Body: 
------------------------


--- Response ---
Status: 301
Body: 
----------------


--- Incoming Request ---
Method: GET
Path: /strings
Query Params: {'is_palindrome': ['true'], 'word_count': ['1']}
Headers: {'Content-Length': '', 'Content-Type': 'text/plain', 'Host': '127.0.0.1:8000', 'User-Agent': 'curl/7.68.0', 'Accept': '*/*'}
Body: 
------------------------


--- Response ---
Status: 301
Body: 
----------------


--- Incoming Request ---
Method: GET
Path: /strings
Query Params: {'min_length': ['11']}
Headers: {'Content-Length': '', 'Content-Type': 'text/plain', 'Host': '127.0.0.1:8000', 'User-Agent': 'curl/7.68.0', 'Accept': '*/*'}
Body: 
------------------------


--- Response ---
Status: 301
Body: 
----------------


--- Incoming Request ---
Method: GET
Path: /strings
Query Params: {'contains_character': ['a'], 'word_count': ['2']}
Headers: {'Content-Length': '', 'Content-Type': 'text/plain', 'Host': '127.0.0.1:8000', 'User-Agent': 'curl/7.68.0', 'Accept': '*/*'}
Body: 
------------------------


--- Response ---
Status: 301
Body: 
----------------


--- Incoming Request ---
Method: GET
Path: /strings
Query Params: {'is_palindrome': ['true'], 'word_count': ['1']}
Headers: {'Content-Length': '', 'Content-Type': 'text/plain', 'Host': '127.0.0.1:8000', 'User-Agent': 'curl/7.68.0', 'Accept': '*/*'}
Body: 
------------------------


--- Response ---
Status: 301
Body: 
----------------


--- Incoming Request ---
Method: POST
Path: /strings/
Query Params: {}
Headers: {'Content-Length': '18', 'Content-Type': 'application/json', 'Host': '127.0.0.1:8000', 'User-Agent': 'curl/7.68.0', 'Accept': '*/*'}
Body: {"value": "civic"}
------------------------


--- Response ---
Status: 409
Body: {"error":"String already exists in the system."}
----------------


--- Incoming Request ---
Method: POST
Path: /strings/
Query Params: {}
Headers: {'Content-Length': '18', 'Content-Type': 'application/json', 'Host': '127.0.0.1:8000', 'User-Agent': 'curl/7.68.0', 'Accept': '*/*'}
Body: {"value": "level"}
------------------------


--- Response ---
Status: 409
Body: {"error":"String already exists in the system."}
----------------


--- Incoming Request ---
Method: POST
Path: /strings/
Query Params: {}
Headers: {'Content-Length': '24', 'Content-Type': 'application/json', 'Host': '127.0.0.1:8000', 'User-Agent': 'curl/7.68.0', 'Accept': '*/*'}
Body: {"value": "hello world"}
------------------------


--- Response ---
Status: 201
Body: {"id":"b94d27b9934d3e08a52e52d7da7dabfac484efe37a5380ee9088f7ace2efcde9","value":"hello world","properties":{"length":11,"is_palindrome":false,"unique_characters":8,"word_count":2,"sha256_hash":"b94d27b9934d3e08a52e52d7da7dabfac484efe37a5380ee9088f7ace2efcde9","character_frequency_map":{"h":1,"e":1,"l":3,"o":2," ":1,"w":1,"r":1,"d":1}},"created_at":"2025-10-21T19:00:19.967739+00:00"}
----------------


--- Incoming Request ---
Method: POST
Path: /strings/
Query Params: {}
Headers: {'Content-Length': '25', 'Content-Type': 'application/json', 'Host': '127.0.0.1:8000', 'User-Agent': 'curl/7.68.0', 'Accept': '*/*'}
Body: {"value": "banana split"}
------------------------


--- Response ---
Status: 201
Body: {"id":"19dfdc57ff5e21fed96fa87863d358278bb39bd217848cc30bea8941b294b5a5","value":"banana split","properties":{"length":12,"is_palindrome":false,"unique_characters":9,"word_count":2,"sha256_hash":"19dfdc57ff5e21fed96fa87863d358278bb39bd217848cc30bea8941b294b5a5","character_frequency_map":{"b":1,"a":3,"n":2," ":1,"s":1,"p":1,"l":1,"i":1,"t":1}},"created_at":"2025-10-21T19:00:19.994604+00:00"}
----------------


--- Incoming Request ---
Method: GET
Path: /strings
Query Params: {'is_palindrome': ['true'], 'word_count': ['1']}
Headers: {'Content-Length': '', 'Content-Type': 'text/plain', 'Host': '127.0.0.1:8000', 'User-Agent': 'curl/7.68.0', 'Accept': '*/*'}
Body: 
------------------------


--- Response ---
Status: 301
Body: 
----------------


--- Incoming Request ---
Method: GET
Path: /strings
Query Params: {'contains_character': ['a'], 'word_count': ['2']}
Headers: {'Content-Length': '', 'Content-Type': 'text/plain', 'Host': '127.0.0.1:8000', 'User-Agent': 'curl/7.68.0', 'Accept': '*/*'}
Body: 
------------------------


--- Response ---
Status: 301
Body: 
----------------


--- Incoming Request ---
Method: GET
Path: /strings/
Query Params: {'contains_character': ['a'], 'word_count': ['2']}
Headers: {'Content-Length': '', 'Content-Type': 'text/plain', 'Host': '127.0.0.1:8000', 'User-Agent': 'Mozilla/5.0 (X11; Ubuntu; Linux x86_64; rv:136.0) Gecko/20100101 Firefox/136.0', 'Accept': 'text/html,application/xhtml+xml,application/xml;q=0.9,*/*;q=0.8', 'Accept-Language': 'en-US,en;q=0.5', 'Accept-Encoding': 'gzip, deflate, br, zstd', 'Connection': 'keep-alive', 'Cookie': 'csrftoken=rUpEMh5mszLBRAheoDZKwcmiWk9SazSl; _ga_699NE13B0K=GS2.1.s1753397091$o5$g1$t1753398316$j53$l0$h0; _ga=GA1.1.350929172.1751025801', 'Upgrade-Insecure-Requests': '1', 'Sec-Fetch-Dest': 'document', 'Sec-Fetch-Mode': 'navigate', 'Sec-Fetch-Site': 'none', 'Sec-Fetch-User': '?1', 'Priority': 'u=0, i'}
Body: 
------------------------


--- Response ---
Status: 200
Body: 



<!DOCTYPE html>
<html>
  <head>
    

      
        <meta http-equiv="Content-Type" content="text/html; charset=utf-8"/>
        <meta name="robots" content="NONE,NOARCHIVE" />
      

      <title>String Api – Django REST framework</title>

      
        
          <link rel="stylesheet" type="text/css" href="/static/rest_framework/css/bootstrap.min.css"/>
          <link rel="stylesheet" type="text/css" href="/static/rest_framework/css/bootstrap-tweaks.css"/>
        

        <link rel=
----------------


--- Incoming Request ---
Method: GET
Path: /favicon.ico
Query Params: {}
Headers: {'Content-Length': '', 'Content-Type': 'text/plain', 'Host': '127.0.0.1:8000', 'User-Agent': 'Mozilla/5.0 (X11; Ubuntu; Linux x86_64; rv:136.0) Gecko/20100101 Firefox/136.0', 'Accept': 'image/avif,image/webp,image/png,image/svg+xml,image/*;q=0.8,*/*;q=0.5', 'Accept-Language': 'en-US,en;q=0.5', 'Accept-Encoding': 'gzip, deflate, br, zstd', 'Referer': 'http://127.0.0.1:8000/strings/?contains_character=a&word_count=2', 'Connection': 'keep-alive', 'Cookie': 'csrftoken=rUpEMh5mszLBRAheoDZKwcmiWk9SazSl; _ga_699NE13B0K=GS2.1.s1753397091$o5$g1$t1753398316$j53$l0$h0; _ga=GA1.1.350929172.1751025801', 'Sec-Fetch-Dest': 'image', 'Sec-Fetch-Mode': 'no-cors', 'Sec-Fetch-Site': 'same-origin', 'Priority': 'u=6'}
Body: 
------------------------


--- Response ---
Status: 404
Body: <!DOCTYPE html>
<html lang="en">
<head>
  <meta http-equiv="content-type" content="text/html; charset=utf-8">
  <title>Page not found at /favicon.ico</title>
  <meta name="robots" content="NONE,NOARCHIVE">
  <style type="text/css">
    html * { padding:0; margin:0; }
    body * { padding:10px 20px; }
    body * * { padding:0; }
    body { font:small sans-serif; background:#eee; color:#000; }
    body>div { border-bottom:1px solid #ddd; }
    h1 { font-weight:normal; margin-bottom:.4em; }
    h1 
----------------


--- Incoming Request ---
Method: GET
Path: /strings/
Query Params: {'contains_character': ['a'], 'word_count': ['2/']}
Headers: {'Content-Length': '', 'Content-Type': 'text/plain', 'Host': '127.0.0.1:8000', 'User-Agent': 'Mozilla/5.0 (X11; Ubuntu; Linux x86_64; rv:136.0) Gecko/20100101 Firefox/136.0', 'Accept': 'text/html,application/xhtml+xml,application/xml;q=0.9,*/*;q=0.8', 'Accept-Language': 'en-US,en;q=0.5', 'Accept-Encoding': 'gzip, deflate, br, zstd', 'Connection': 'keep-alive', 'Cookie': 'csrftoken=rUpEMh5mszLBRAheoDZKwcmiWk9SazSl; _ga_699NE13B0K=GS2.1.s1753397091$o5$g1$t1753398316$j53$l0$h0; _ga=GA1.1.350929172.1751025801', 'Upgrade-Insecure-Requests': '1', 'Sec-Fetch-Dest': 'document', 'Sec-Fetch-Mode': 'navigate', 'Sec-Fetch-Site': 'none', 'Sec-Fetch-User': '?1', 'Priority': 'u=0, i'}
Body: 
------------------------


--- Response ---
Status: 400
Body: 



<!DOCTYPE html>
<html>
  <head>
    

      
        <meta http-equiv="Content-Type" content="text/html; charset=utf-8"/>
        <meta name="robots" content="NONE,NOARCHIVE" />
      

      <title>String Api – Django REST framework</title>

      
        
          <link rel="stylesheet" type="text/css" href="/static/rest_framework/css/bootstrap.min.css"/>
          <link rel="stylesheet" type="text/css" href="/static/rest_framework/css/bootstrap-tweaks.css"/>
        

        <link rel=
----------------


--- Incoming Request ---
Method: GET
Path: /strings/
Query Params: {'contains_character': ['a'], 'word_count': ['2']}
Headers: {'Content-Length': '', 'Content-Type': 'text/plain', 'Host': '127.0.0.1:8000', 'User-Agent': 'Mozilla/5.0 (X11; Ubuntu; Linux x86_64; rv:136.0) Gecko/20100101 Firefox/136.0', 'Accept': 'text/html,application/xhtml+xml,application/xml;q=0.9,*/*;q=0.8', 'Accept-Language': 'en-US,en;q=0.5', 'Accept-Encoding': 'gzip, deflate, br, zstd', 'Connection': 'keep-alive', 'Cookie': 'csrftoken=rUpEMh5mszLBRAheoDZKwcmiWk9SazSl; _ga_699NE13B0K=GS2.1.s1753397091$o5$g1$t1753398316$j53$l0$h0; _ga=GA1.1.350929172.1751025801', 'Upgrade-Insecure-Requests': '1', 'Sec-Fetch-Dest': 'document', 'Sec-Fetch-Mode': 'navigate', 'Sec-Fetch-Site': 'none', 'Sec-Fetch-User': '?1', 'Priority': 'u=0, i'}
Body: 
------------------------


--- Response ---
Status: 200
Body: 



<!DOCTYPE html>
<html>
  <head>
    

      
        <meta http-equiv="Content-Type" content="text/html; charset=utf-8"/>
        <meta name="robots" content="NONE,NOARCHIVE" />
      

      <title>String Api – Django REST framework</title>

      
        
          <link rel="stylesheet" type="text/css" href="/static/rest_framework/css/bootstrap.min.css"/>
          <link rel="stylesheet" type="text/css" href="/static/rest_framework/css/bootstrap-tweaks.css"/>
        

        <link rel=
----------------


--- Incoming Request ---
Method: GET
Path: /strings/
Query Params: {'contains_character': ['a'], 'word_count': ['2']}
Headers: {'Content-Length': '', 'Content-Type': 'text/plain', 'Host': '127.0.0.1:8000', 'User-Agent': 'curl/7.68.0', 'Accept': '*/*'}
Body: 
------------------------


--- Response ---
Status: 200
Body: {"data":[{"id":"72e478c98a7024dd81226a71414c6eba5a2cc2890919d5a17922add015deee50","value":"palindrome test","properties":{"length":15,"is_palindrome":false,"unique_characters":13,"word_count":2,"sha256_hash":"72e478c98a7024dd81226a71414c6eba5a2cc2890919d5a17922add015deee50","character_frequency_map":{"p":1,"a":1,"l":1,"i":1,"n":1,"d":1,"r":1,"o":1,"m":1,"e":2," ":1,"t":2,"s":1}},"created_at":"2025-10-21T18:50:43.698111+00:00"},{"id":"19dfdc57ff5e21fed96fa87863d358278bb39bd217848cc30bea8941b294b5
----------------


--- Incoming Request ---
Method: GET
Path: /strings/
Query Params: {'contains_character': ['a'], 'word_count': ['2']}
Headers: {'Content-Length': '', 'Content-Type': 'text/plain', 'Host': '127.0.0.1:8000', 'User-Agent': 'curl/7.68.0', 'Accept': '*/*'}
Body: 
------------------------


--- Response ---
Status: 200
Body: {"data":[{"id":"72e478c98a7024dd81226a71414c6eba5a2cc2890919d5a17922add015deee50","value":"palindrome test","properties":{"length":15,"is_palindrome":false,"unique_characters":13,"word_count":2,"sha256_hash":"72e478c98a7024dd81226a71414c6eba5a2cc2890919d5a17922add015deee50","character_frequency_map":{"p":1,"a":1,"l":1,"i":1,"n":1,"d":1,"r":1,"o":1,"m":1,"e":2," ":1,"t":2,"s":1}},"created_at":"2025-10-21T18:50:43.698111+00:00"},{"id":"19dfdc57ff5e21fed96fa87863d358278bb39bd217848cc30bea8941b294b5
----------------


--- Incoming Request ---
Method: GET
Path: /strings/filter-by-natural-language/
Query Params: {'query': ['all single word palindromic strings']}
Headers: {'Content-Length': '', 'Content-Type': 'text/plain', 'Host': '127.0.0.1:8000', 'User-Agent': 'curl/7.68.0', 'Accept': '*/*'}
Body: 
------------------------


--- Response ---
Status: 404
Body: {"detail":"String does not exist in the system."}
----------------


--- Incoming Request ---
Method: GET
Path: /strings
Query Params: {}
Headers: {'Content-Length': '', 'Content-Type': 'text/plain', 'Host': '127.0.0.1:8000', 'User-Agent': 'curl/7.68.0', 'Accept': '*/*'}
Body: 
------------------------


--- Response ---
Status: 301
Body: 
----------------


--- Incoming Request ---
Method: GET
Path: /strings/strings
Query Params: {}
Headers: {'Content-Length': '', 'Content-Type': 'text/plain', 'Host': '127.0.0.1:8000', 'User-Agent': 'curl/7.68.0', 'Accept': '*/*'}
Body: 
------------------------


--- Response ---
Status: 404
Body: {"detail":"String does not exist in the system."}
----------------


--- Incoming Request ---
Method: GET
Path: /strings/strings/
Query Params: {}
Headers: {'Content-Length': '', 'Content-Type': 'text/plain', 'Host': '127.0.0.1:8000', 'User-Agent': 'curl/7.68.0', 'Accept': '*/*'}
Body: 
------------------------


--- Response ---
Status: 404
Body: {"detail":"String does not exist in the system."}
----------------


--- Incoming Request ---
Method: GET
Path: /strings/filter-by-natural-language/
Query Params: {'query': ['strings longer than 10 characters']}
Headers: {'Content-Length': '', 'Content-Type': 'text/plain', 'Host': '127.0.0.1:8000', 'User-Agent': 'curl/7.68.0', 'Accept': '*/*'}
Body: 
------------------------


--- Response ---
Status: 404
Body: {"detail":"String does not exist in the system."}
----------------


--- Incoming Request ---
Method: GET
Path: /strings/filter-by-natural-language/
Query Params: {'query': ['all single word palindromic strings']}
Headers: {'Content-Length': '', 'Content-Type': 'text/plain', 'Host': '127.0.0.1:8000', 'User-Agent': 'curl/7.68.0', 'Accept': '*/*'}
Body: 
------------------------


--- Response ---
Status: 404
Body: {"detail":"String does not exist in the system."}
----------------


--- Incoming Request ---
Method: GET
Path: /strings/filter-by-natural-language/
Query Params: {'query': ['strings longer than 10 characters']}
Headers: {'Content-Length': '', 'Content-Type': 'text/plain', 'Host': '127.0.0.1:8000', 'User-Agent': 'curl/7.68.0', 'Accept': '*/*'}
Body: 
------------------------


--- Response ---
Status: 404
Body: {"detail":"String does not exist in the system."}
----------------


--- Incoming Request ---
Method: GET
Path: /strings/filter-by-natural-language/
Query Params: {'query': ['palindromic strings that contain the letter i']}
Headers: {'Content-Length': '', 'Content-Type': 'text/plain', 'Host': '127.0.0.1:8000', 'User-Agent': 'curl/7.68.0', 'Accept': '*/*'}
Body: 
------------------------


--- Response ---
Status: 404
Body: {"detail":"String does not exist in the system."}
----------------


--- Incoming Request ---
Method: GET
Path: /strings/filter-by-natural-language/
Query Params: {'query': ['palindromic strings that contain the letter i']}
Headers: {'Content-Length': '', 'Content-Type': 'text/plain', 'Host': '127.0.0.1:8000', 'User-Agent': 'curl/7.68.0', 'Accept': '*/*'}
Body: 
------------------------


--- Response ---
Status: 200
Body: {"data":[{"id":"bea359bea8f7d88ecff298e31876c7206ca36df3e5344293020ea745f9577378","value":"civic","properties":{"length":5,"is_palindrome":true,"unique_characters":3,"word_count":1,"sha256_hash":"bea359bea8f7d88ecff298e31876c7206ca36df3e5344293020ea745f9577378","character_frequency_map":{"c":2,"i":2,"v":1}},"created_at":"2025-10-21T18:50:05.321146+00:00"}],"count":1,"interpreted_query":{"original":"palindromic strings that contain the letter i","parsed_filters":{"is_palindrome":true,"contains_ch
----------------


--- Incoming Request ---
Method: GET
Path: /strings/filter-by-natural-language/
Query Params: {'query': ['strings longer than 10 characters']}
Headers: {'Content-Length': '', 'Content-Type': 'text/plain', 'Host': '127.0.0.1:8000', 'User-Agent': 'curl/7.68.0', 'Accept': '*/*'}
Body: 
------------------------


--- Response ---
Status: 200
Body: {"data":[{"id":"72e478c98a7024dd81226a71414c6eba5a2cc2890919d5a17922add015deee50","value":"palindrome test","properties":{"length":15,"is_palindrome":false,"unique_characters":13,"word_count":2,"sha256_hash":"72e478c98a7024dd81226a71414c6eba5a2cc2890919d5a17922add015deee50","character_frequency_map":{"p":1,"a":1,"l":1,"i":1,"n":1,"d":1,"r":1,"o":1,"m":1,"e":2," ":1,"t":2,"s":1}},"created_at":"2025-10-21T18:50:43.698111+00:00"},{"id":"b94d27b9934d3e08a52e52d7da7dabfac484efe37a5380ee9088f7ace2efcd
----------------


--- Incoming Request ---
Method: GET
Path: /strings/filter-by-natural-language/
Query Params: {'query': ['strings longer than 10 characters']}
Headers: {'Content-Length': '', 'Content-Type': 'text/plain', 'Host': '127.0.0.1:8000', 'User-Agent': 'curl/7.68.0', 'Accept': '*/*'}
Body: 
------------------------


--- Response ---
Status: 200
Body: {"data":[{"id":"72e478c98a7024dd81226a71414c6eba5a2cc2890919d5a17922add015deee50","value":"palindrome test","properties":{"length":15,"is_palindrome":false,"unique_characters":13,"word_count":2,"sha256_hash":"72e478c98a7024dd81226a71414c6eba5a2cc2890919d5a17922add015deee50","character_frequency_map":{"p":1,"a":1,"l":1,"i":1,"n":1,"d":1,"r":1,"o":1,"m":1,"e":2," ":1,"t":2,"s":1}},"created_at":"2025-10-21T18:50:43.698111+00:00"},{"id":"b94d27b9934d3e08a52e52d7da7dabfac484efe37a5380ee9088f7ace2efcd
----------------


--- Incoming Request ---
Method: POST
Path: /strings/
Query Params: {}
Headers: {'Content-Length': '18', 'Content-Type': 'application/json', 'Host': '127.0.0.1:8000', 'User-Agent': 'curl/7.68.0', 'Accept': '*/*'}
Body: {"value": "civic"}
------------------------


--- Response ---
Status: 409
Body: {"error":"String already exists in the system."}
----------------


--- Incoming Request ---
Method: POST
Path: /strings/
Query Params: {}
Headers: {'Content-Length': '25', 'Content-Type': 'application/json', 'Host': '127.0.0.1:8000', 'User-Agent': 'curl/7.68.0', 'Accept': '*/*'}
Body: {"value": "banana split"}
------------------------


--- Response ---
Status: 409
Body: {"error":"String already exists in the system."}
----------------


--- Incoming Request ---
Method: POST
Path: /strings/
Query Params: {}
Headers: {'Content-Length': '24', 'Content-Type': 'application/json', 'Host': '127.0.0.1:8000', 'User-Agent': 'curl/7.68.0', 'Accept': '*/*'}
Body: {"value": "hello world"}
------------------------


--- Response ---
Status: 409
Body: {"error":"String already exists in the system."}
----------------


--- Incoming Request ---
Method: GET
Path: /strings/
Query Params: {}
Headers: {'Content-Length': '', 'Content-Type': 'text/plain', 'Host': '127.0.0.1:8000', 'User-Agent': 'curl/7.68.0', 'Accept': '*/*'}
Body: 
------------------------


--- Response ---
Status: 200
Body: {"data":[{"id":"bea359bea8f7d88ecff298e31876c7206ca36df3e5344293020ea745f9577378","value":"civic","properties":{"length":5,"is_palindrome":true,"unique_characters":3,"word_count":1,"sha256_hash":"bea359bea8f7d88ecff298e31876c7206ca36df3e5344293020ea745f9577378","character_frequency_map":{"c":2,"i":2,"v":1}},"created_at":"2025-10-21T18:50:05.321146+00:00"},{"id":"0081779c287d567d9ca622f4c0cc2ede819b0cc7f286a5f01d8c3c0178191ad6","value":"level","properties":{"length":5,"is_palindrome":true,"unique
----------------


--- Incoming Request ---
Method: GET
Path: /strings/
Query Params: {'is_palindrome': ['true']}
Headers: {'Content-Length': '', 'Content-Type': 'text/plain', 'Host': '127.0.0.1:8000', 'User-Agent': 'curl/7.68.0', 'Accept': '*/*'}
Body: 
------------------------


--- Response ---
Status: 200
Body: {"data":[{"id":"bea359bea8f7d88ecff298e31876c7206ca36df3e5344293020ea745f9577378","value":"civic","properties":{"length":5,"is_palindrome":true,"unique_characters":3,"word_count":1,"sha256_hash":"bea359bea8f7d88ecff298e31876c7206ca36df3e5344293020ea745f9577378","character_frequency_map":{"c":2,"i":2,"v":1}},"created_at":"2025-10-21T18:50:05.321146+00:00"},{"id":"0081779c287d567d9ca622f4c0cc2ede819b0cc7f286a5f01d8c3c0178191ad6","value":"level","properties":{"length":5,"is_palindrome":true,"unique
----------------


--- Incoming Request ---
Method: GET
Path: /strings/
Query Params: {'word_count': ['2'], 'min_length': ['10']}
Headers: {'Content-Length': '', 'Content-Type': 'text/plain', 'Host': '127.0.0.1:8000', 'User-Agent': 'curl/7.68.0', 'Accept': '*/*'}
Body: 
------------------------


--- Response ---
Status: 200
Body: {"data":[{"id":"72e478c98a7024dd81226a71414c6eba5a2cc2890919d5a17922add015deee50","value":"palindrome test","properties":{"length":15,"is_palindrome":false,"unique_characters":13,"word_count":2,"sha256_hash":"72e478c98a7024dd81226a71414c6eba5a2cc2890919d5a17922add015deee50","character_frequency_map":{"p":1,"a":1,"l":1,"i":1,"n":1,"d":1,"r":1,"o":1,"m":1,"e":2," ":1,"t":2,"s":1}},"created_at":"2025-10-21T18:50:43.698111+00:00"},{"id":"b94d27b9934d3e08a52e52d7da7dabfac484efe37a5380ee9088f7ace2efcd
----------------


--- Incoming Request ---
Method: GET
Path: /strings/civic/
Query Params: {}
Headers: {'Content-Length': '', 'Content-Type': 'text/plain', 'Host': '127.0.0.1:8000', 'User-Agent': 'curl/7.68.0', 'Accept': '*/*'}
Body: 
------------------------


--- Response ---
Status: 200
Body: {"id":"bea359bea8f7d88ecff298e31876c7206ca36df3e5344293020ea745f9577378","value":"civic","properties":{"length":5,"is_palindrome":true,"unique_characters":3,"word_count":1,"sha256_hash":"bea359bea8f7d88ecff298e31876c7206ca36df3e5344293020ea745f9577378","character_frequency_map":{"c":2,"i":2,"v":1}},"created_at":"2025-10-21T18:50:05.321146+00:00"}
----------------


--- Incoming Request ---
Method: GET
Path: /strings/civic/
Query Params: {}
Headers: {'Content-Length': '', 'Content-Type': 'text/plain', 'Host': '127.0.0.1:8000', 'User-Agent': 'curl/7.68.0', 'Accept': '*/*'}
Body: 
------------------------


--- Response ---
Status: 200
Body: {"id":"bea359bea8f7d88ecff298e31876c7206ca36df3e5344293020ea745f9577378","value":"civic","properties":{"length":5,"is_palindrome":true,"unique_characters":3,"word_count":1,"sha256_hash":"bea359bea8f7d88ecff298e31876c7206ca36df3e5344293020ea745f9577378","character_frequency_map":{"c":2,"i":2,"v":1}},"created_at":"2025-10-21T18:50:05.321146+00:00"}
----------------


--- Incoming Request ---
Method: DELETE
Path: /strings/civic/
Query Params: {}
Headers: {'Content-Length': '', 'Content-Type': 'text/plain', 'Host': '127.0.0.1:8000', 'User-Agent': 'curl/7.68.0', 'Accept': '*/*'}
Body: 
------------------------


--- Response ---
Status: 204
Body: 
----------------


--- Incoming Request ---
Method: GET
Path: /strings/filter-by-natural-language/
Query Params: {'query': ['strings longer than 10']}
Headers: {'Content-Length': '', 'Content-Type': 'text/plain', 'Host': '127.0.0.1:8000', 'User-Agent': 'curl/7.68.0', 'Accept': '*/*'}
Body: 
------------------------


--- Response ---
Status: 200
Body: {"data":[{"id":"72e478c98a7024dd81226a71414c6eba5a2cc2890919d5a17922add015deee50","value":"palindrome test","properties":{"length":15,"is_palindrome":false,"unique_characters":13,"word_count":2,"sha256_hash":"72e478c98a7024dd81226a71414c6eba5a2cc2890919d5a17922add015deee50","character_frequency_map":{"p":1,"a":1,"l":1,"i":1,"n":1,"d":1,"r":1,"o":1,"m":1,"e":2," ":1,"t":2,"s":1}},"created_at":"2025-10-21T18:50:43.698111+00:00"},{"id":"b94d27b9934d3e08a52e52d7da7dabfac484efe37a5380ee9088f7ace2efcd
----------------


--- Incoming Request ---
Method: GET
Path: /strings/filter-by-natural-language/
Query Params: {'query': ['all single word palindromic strings']}
Headers: {'Content-Length': '', 'Content-Type': 'text/plain', 'Host': '127.0.0.1:8000', 'User-Agent': 'curl/7.68.0', 'Accept': '*/*'}
Body: 
------------------------


--- Response ---
Status: 200
Body: {"data":[{"id":"0081779c287d567d9ca622f4c0cc2ede819b0cc7f286a5f01d8c3c0178191ad6","value":"level","properties":{"length":5,"is_palindrome":true,"unique_characters":3,"word_count":1,"sha256_hash":"0081779c287d567d9ca622f4c0cc2ede819b0cc7f286a5f01d8c3c0178191ad6","character_frequency_map":{"l":2,"e":2,"v":1}},"created_at":"2025-10-21T18:50:20.200309+00:00"}],"count":1,"interpreted_query":{"original":"all single word palindromic strings","parsed_filters":{"is_palindrome":true,"word_count":1}},"deta
----------------


--- Incoming Request ---
Method: GET
Path: /strings/filter-by-natural-language/
Query Params: {'query': ['palindromic strings that contain the letter i']}
Headers: {'Content-Length': '', 'Content-Type': 'text/plain', 'Host': '127.0.0.1:8000', 'User-Agent': 'curl/7.68.0', 'Accept': '*/*'}
Body: 
------------------------


--- Response ---
Status: 200
Body: {"data":[],"count":0,"interpreted_query":{"original":"palindromic strings that contain the letter i","parsed_filters":{"is_palindrome":true,"contains_character":"i"}},"detail":"No strings matched the applied natural-language filters."}
----------------


--- Incoming Request ---
Method: DELETE
Path: /strings/banana split/
Query Params: {}
Headers: {'Content-Length': '', 'Content-Type': 'text/plain', 'Host': '127.0.0.1:8000', 'User-Agent': 'curl/7.68.0', 'Accept': '*/*'}
Body: 
------------------------


--- Response ---
Status: 204
Body: 
----------------


--- Incoming Request ---
Method: GET
Path: /strings/banana split/
Query Params: {}
Headers: {'Content-Length': '', 'Content-Type': 'text/plain', 'Host': '127.0.0.1:8000', 'User-Agent': 'curl/7.68.0', 'Accept': '*/*'}
Body: 
------------------------


--- Response ---
Status: 404
Body: {"detail":"String does not exist in the system."}
----------------


--- Incoming Request ---
Method: POST
Path: /strings/
Query Params: {}
Headers: {'Content-Length': '24', 'Content-Type': 'application/json', 'Host': '127.0.0.1:8000', 'User-Agent': 'curl/7.68.0', 'Accept': '*/*'}
Body: {"value": "hello world"}
------------------------


--- Response ---
Status: 409
Body: {"error":"String already exists in the system."}
----------------


--- Incoming Request ---
Method: POST
Path: /strings/
Query Params: {}
Headers: {'Content-Length': '24', 'Content-Type': 'application/json', 'Host': '127.0.0.1:8000', 'User-Agent': 'curl/7.68.0', 'Accept': '*/*'}
Body: {"value": "hello world"}
------------------------


--- Response ---
Status: 409
Body: {"error":"String already exists in the system."}
----------------


--- Incoming Request ---
Method: POST
Path: /strings/
Query Params: {}
Headers: {'Content-Length': '18', 'Content-Type': 'application/json', 'Host': '127.0.0.1:8000', 'User-Agent': 'curl/7.68.0', 'Accept': '*/*'}
Body: {"val": "missing"}
------------------------


--- Response ---
Status: 400
Body: {"error":"Missing \"value\" field."}
----------------


--- Incoming Request ---
Method: POST
Path: /strings/
Query Params: {}
Headers: {'Content-Length': '16', 'Content-Type': 'application/json', 'Host': '127.0.0.1:8000', 'User-Agent': 'curl/7.68.0', 'Accept': '*/*'}
Body: {"value": 12345}
------------------------


--- Response ---
Status: 422
Body: {"error":"\"value\" must be a string."}
----------------


--- Incoming Request ---
Method: POST
Path: /strings/
Query Params: {}
Headers: {'Content-Length': '13', 'Content-Type': 'application/json', 'Host': '127.0.0.1:8000', 'User-Agent': 'curl/7.68.0', 'Accept': '*/*'}
Body: {"value": ""}
------------------------


--- Response ---
Status: 400
Body: {"error":"\"value\" cannot be empty."}
----------------


--- Incoming Request ---
Method: GET
Path: /strings/random-nonexistent-string/
Query Params: {}
Headers: {'Content-Length': '', 'Content-Type': 'text/plain', 'Host': '127.0.0.1:8000', 'User-Agent': 'curl/7.68.0', 'Accept': '*/*'}
Body: 
------------------------


--- Response ---
Status: 404
Body: {"detail":"String does not exist in the system."}
----------------


--- Incoming Request ---
Method: GET
Path: /strings/
Query Params: {}
Headers: {'Content-Length': '', 'Content-Type': 'text/plain', 'Host': '127.0.0.1:8000', 'User-Agent': 'curl/7.68.0', 'Accept': '*/*'}
Body: 
------------------------


--- Response ---
Status: 200
Body: {"data":[{"id":"0081779c287d567d9ca622f4c0cc2ede819b0cc7f286a5f01d8c3c0178191ad6","value":"level","properties":{"length":5,"is_palindrome":true,"unique_characters":3,"word_count":1,"sha256_hash":"0081779c287d567d9ca622f4c0cc2ede819b0cc7f286a5f01d8c3c0178191ad6","character_frequency_map":{"l":2,"e":2,"v":1}},"created_at":"2025-10-21T18:50:20.200309+00:00"},{"id":"72e478c98a7024dd81226a71414c6eba5a2cc2890919d5a17922add015deee50","value":"palindrome test","properties":{"length":15,"is_palindrome":f
----------------


--- Incoming Request ---
Method: GET
Path: /strings/
Query Params: {'is_palindrome': ['true']}
Headers: {'Content-Length': '', 'Content-Type': 'text/plain', 'Host': '127.0.0.1:8000', 'User-Agent': 'curl/7.68.0', 'Accept': '*/*'}
Body: 
------------------------


--- Response ---
Status: 200
Body: {"data":[{"id":"0081779c287d567d9ca622f4c0cc2ede819b0cc7f286a5f01d8c3c0178191ad6","value":"level","properties":{"length":5,"is_palindrome":true,"unique_characters":3,"word_count":1,"sha256_hash":"0081779c287d567d9ca622f4c0cc2ede819b0cc7f286a5f01d8c3c0178191ad6","character_frequency_map":{"l":2,"e":2,"v":1}},"created_at":"2025-10-21T18:50:20.200309+00:00"}],"count":1,"filters_applied":{"is_palindrome":true},"detail":"Strings retrieved successfully."}
----------------


--- Incoming Request ---
Method: GET
Path: /strings/
Query Params: {'min_length': ['5']}
Headers: {'Content-Length': '', 'Content-Type': 'text/plain', 'Host': '127.0.0.1:8000', 'User-Agent': 'curl/7.68.0', 'Accept': '*/*'}
Body: 
------------------------


--- Response ---
Status: 200
Body: {"data":[{"id":"0081779c287d567d9ca622f4c0cc2ede819b0cc7f286a5f01d8c3c0178191ad6","value":"level","properties":{"length":5,"is_palindrome":true,"unique_characters":3,"word_count":1,"sha256_hash":"0081779c287d567d9ca622f4c0cc2ede819b0cc7f286a5f01d8c3c0178191ad6","character_frequency_map":{"l":2,"e":2,"v":1}},"created_at":"2025-10-21T18:50:20.200309+00:00"},{"id":"72e478c98a7024dd81226a71414c6eba5a2cc2890919d5a17922add015deee50","value":"palindrome test","properties":{"length":15,"is_palindrome":f
----------------


--- Incoming Request ---
Method: GET
Path: /strings/
Query Params: {'contains_character': ['a'], 'word_count': ['2']}
Headers: {'Content-Length': '', 'Content-Type': 'text/plain', 'Host': '127.0.0.1:8000', 'User-Agent': 'curl/7.68.0', 'Accept': '*/*'}
Body: 
------------------------


--- Response ---
Status: 200
Body: {"data":[{"id":"72e478c98a7024dd81226a71414c6eba5a2cc2890919d5a17922add015deee50","value":"palindrome test","properties":{"length":15,"is_palindrome":false,"unique_characters":13,"word_count":2,"sha256_hash":"72e478c98a7024dd81226a71414c6eba5a2cc2890919d5a17922add015deee50","character_frequency_map":{"p":1,"a":1,"l":1,"i":1,"n":1,"d":1,"r":1,"o":1,"m":1,"e":2," ":1,"t":2,"s":1}},"created_at":"2025-10-21T18:50:43.698111+00:00"}],"count":1,"filters_applied":{"word_count":2,"contains_character":"a"
----------------


--- Incoming Request ---
Method: DELETE
Path: /strings/random-nonexistent-string/
Query Params: {}
Headers: {'Content-Length': '', 'Content-Type': 'text/plain', 'Host': '127.0.0.1:8000', 'User-Agent': 'curl/7.68.0', 'Accept': '*/*'}
Body: 
------------------------


--- Response ---
Status: 404
Body: {"error":"String does not exist in the system."}
----------------

